2025-08-02 15:37:05.071 [info] Extension host with pid 4072 started
2025-08-02 15:37:05.113 [info] ExtensionService#_doActivateExtension vscode.github-authentication, startup: false, activationEvent: 'onAuthenticationRequest:github'
2025-08-02 15:37:05.142 [info] ExtensionService#_doActivateExtension vscode.git-base, startup: true, activationEvent: '*', root cause: vscode.git
2025-08-02 15:37:05.149 [info] ExtensionService#_doActivateExtension vscode.git, startup: true, activationEvent: '*'
2025-08-02 15:37:05.170 [info] ExtensionService#_doActivateExtension vscode.github, startup: true, activationEvent: '*'
2025-08-02 15:37:05.228 [info] Eager extensions activated
2025-08-02 15:37:05.228 [info] ExtensionService#_doActivateExtension vscode.debug-auto-launch, startup: false, activationEvent: 'onStartupFinished'
2025-08-02 15:37:05.230 [info] ExtensionService#_doActivateExtension vscode.merge-conflict, startup: false, activationEvent: 'onStartupFinished'
2025-08-02 15:38:42.981 [info] Extension host terminating: renderer closed the MessagePort
2025-08-02 15:38:42.998 [info] Extension host with pid 4072 exiting with code 0
2025-08-02 15:38:43.659 [info] Extension host with pid 4287 started
2025-08-02 15:38:43.659 [info] Skipping acquiring lock for /home/ghost/.config/Code/User/workspaceStorage/09290e4afd69727aedeff9553c39e926.
2025-08-02 15:38:43.702 [info] ExtensionService#_doActivateExtension vscode.github-authentication, startup: false, activationEvent: 'onAuthenticationRequest:github'
2025-08-02 15:38:43.720 [info] ExtensionService#_doActivateExtension vscode.emmet, startup: false, activationEvent: 'onLanguage'
2025-08-02 15:38:43.766 [info] ExtensionService#_doActivateExtension vscode.git-base, startup: true, activationEvent: '*'
2025-08-02 15:38:43.774 [info] ExtensionService#_doActivateExtension vscode.github, startup: true, activationEvent: '*'
2025-08-02 15:38:43.855 [info] Eager extensions activated
2025-08-02 15:38:43.856 [info] ExtensionService#_doActivateExtension vscode.debug-auto-launch, startup: false, activationEvent: 'onStartupFinished'
2025-08-02 15:38:43.858 [info] ExtensionService#_doActivateExtension vscode.merge-conflict, startup: false, activationEvent: 'onStartupFinished'
2025-08-02 15:38:46.882 [info] ExtensionService#_doActivateExtension vscode.git, startup: false, activationEvent: 'api', root cause: vscode.github
2025-08-02 15:38:50.739 [info] ExtensionService#_doActivateExtension vscode.css-language-features, startup: false, activationEvent: 'onLanguage:css'
2025-08-02 15:41:29.015 [info] ExtensionService#_doActivateExtension vscode.configuration-editing, startup: false, activationEvent: 'onLanguage:jsonc'
2025-08-02 15:41:29.036 [info] ExtensionService#_doActivateExtension vscode.json-language-features, startup: false, activationEvent: 'onLanguage:jsonc'
2025-08-02 15:41:29.105 [info] ExtensionService#_doActivateExtension vscode.typescript-language-features, startup: false, activationEvent: 'onLanguage:jsonc'
2025-08-02 15:44:32.686 [info] Extension host terminating: renderer closed the MessagePort
2025-08-02 15:44:32.741 [info] Extension host with pid 4287 exiting with code 0
