2025-08-02 15:37:05.216 [info] [main] Log level: Info
2025-08-02 15:37:05.216 [info] [main] Validating found git in: "git"
2025-08-02 15:37:05.216 [info] [main] Using git "2.50.1" from "git"
2025-08-02 15:37:05.216 [info] [Model][doInitialScan] Initial repository scan started
2025-08-02 15:37:05.216 [info] [Model][doInitialScan] Initial repository scan completed - repositories (0), closed repositories (0), parent repositories (0), unsafe repositories (0)
2025-08-02 15:38:47.009 [info] [main] Log level: Info
2025-08-02 15:38:47.009 [info] [main] Validating found git in: "git"
2025-08-02 15:38:47.009 [info] [main] Using git "2.50.1" from "git"
2025-08-02 15:38:47.009 [info] [Model][doInitialScan] Initial repository scan started
2025-08-02 15:38:47.009 [info] > git rev-parse --show-toplevel [13ms]
2025-08-02 15:38:47.009 [info] fatal: not a git repository (or any of the parent directories): .git
2025-08-02 15:38:47.009 [info] [Model][doInitialScan] Initial repository scan completed - repositories (0), closed repositories (0), parent repositories (0), unsafe repositories (0)
2025-08-02 15:38:50.706 [info] > git rev-parse --show-toplevel [2ms]
2025-08-02 15:38:50.706 [info] fatal: not a git repository (or any of the parent directories): .git
2025-08-02 15:41:28.959 [info] > git rev-parse --show-toplevel [0ms]
2025-08-02 15:41:28.959 [info] fatal: not a git repository (or any of the parent directories): .git
2025-08-02 15:42:00.045 [info] > git rev-parse --show-toplevel [3ms]
2025-08-02 15:42:00.045 [info] fatal: not a git repository (or any of the parent directories): .git
2025-08-02 15:42:46.483 [info] > git rev-parse --show-toplevel [2ms]
2025-08-02 15:42:46.483 [info] fatal: not a git repository (or any of the parent directories): .git
2025-08-02 15:44:05.909 [info] > git rev-parse --show-toplevel [5ms]
2025-08-02 15:44:05.910 [info] fatal: not a git repository (or any of the parent directories): .git
2025-08-02 15:44:18.531 [info] > git rev-parse --show-toplevel [1ms]
2025-08-02 15:44:18.531 [info] fatal: not a git repository (or any of the parent directories): .git
2025-08-02 15:44:30.661 [info] > git rev-parse --show-toplevel [1ms]
2025-08-02 15:44:30.662 [info] fatal: not a git repository (or any of the parent directories): .git
